nohup: ignoring input
Kontextgröße 8192: 336 Elemente
Kontextgröße 16384: 151 Elemente
Kontextgröße 32768: 147 Elemente
Kontextgröße 65536: 53 Elemente
Kontextgröße 131072: 9 Elemente
Beginne Verarbeitung für Kontextgröße 8192 mit 336 Elementen.
11:10:42 - Verarbeitete Elemente für Run 11: 0 in 49.18s
11:11:32 - Verarbeitete Elemente für Run 11: 1 in 49.22s
11:12:52 - Verarbeitete Elemente für Run 11: 2 in 79.57s
11:13:39 - Verarbeitete Elemente für Run 11: 3 in 46.06s
11:14:22 - Verarbeitete Elemente für Run 11: 4 in 43.51s
11:15:07 - Verarbeitete Elemente für Run 11: 5 in 44.23s
11:15:41 - Verarbeitete Elemente für Run 11: 6 in 33.45s
11:16:31 - Verarbeitete Elemente für Run 11: 7 in 49.73s
11:17:25 - Verarbeitete Elemente für Run 11: 8 in 53.18s
11:17:53 - Verarbeitete Elemente für Run 11: 9 in 27.82s
11:18:28 - Verarbeitete Elemente für Run 11: 10 in 34.39s
11:19:21 - Verarbeitete Elemente für Run 11: 11 in 53.17s
11:20:02 - Verarbeitete Elemente für Run 11: 12 in 39.91s
11:20:45 - Verarbeitete Elemente für Run 11: 13 in 43.38s
11:21:22 - Verarbeitete Elemente für Run 11: 14 in 35.9s
11:22:04 - Verarbeitete Elemente für Run 11: 15 in 41.95s
11:22:46 - Verarbeitete Elemente für Run 11: 16 in 41.21s
11:23:34 - Verarbeitete Elemente für Run 11: 17 in 48.14s
11:24:08 - Verarbeitete Elemente für Run 11: 18 in 33.43s
11:24:44 - Verarbeitete Elemente für Run 11: 19 in 35.42s
11:25:39 - Verarbeitete Elemente für Run 11: 20 in 54.63s
11:26:20 - Verarbeitete Elemente für Run 11: 21 in 40.78s
11:27:00 - Verarbeitete Elemente für Run 11: 22 in 38.99s
11:27:49 - Verarbeitete Elemente für Run 11: 23 in 48.79s
11:28:26 - Verarbeitete Elemente für Run 11: 24 in 36.65s
11:29:23 - Verarbeitete Elemente für Run 11: 25 in 56.76s
11:29:58 - Verarbeitete Elemente für Run 11: 26 in 34.77s
11:30:50 - Verarbeitete Elemente für Run 11: 27 in 51.65s
11:31:35 - Verarbeitete Elemente für Run 11: 28 in 43.98s
11:32:23 - Verarbeitete Elemente für Run 11: 29 in 47.56s
11:33:37 - Verarbeitete Elemente für Run 11: 30 in 73.77s
11:34:37 - Verarbeitete Elemente für Run 11: 31 in 59.44s
11:35:22 - Verarbeitete Elemente für Run 11: 32 in 44.76s
11:36:19 - Verarbeitete Elemente für Run 11: 33 in 56.41s
11:37:02 - Verarbeitete Elemente für Run 11: 34 in 43.36s
11:37:38 - Verarbeitete Elemente für Run 11: 35 in 34.8s
11:38:07 - Verarbeitete Elemente für Run 11: 36 in 28.65s
11:38:44 - Verarbeitete Elemente für Run 11: 37 in 36.54s
11:39:23 - Verarbeitete Elemente für Run 11: 38 in 39.41s
11:40:12 - Verarbeitete Elemente für Run 11: 39 in 48.55s
11:40:54 - Verarbeitete Elemente für Run 11: 40 in 41.51s
11:41:43 - Verarbeitete Elemente für Run 11: 41 in 47.77s
11:42:39 - Verarbeitete Elemente für Run 11: 42 in 55.64s
11:43:15 - Verarbeitete Elemente für Run 11: 43 in 35.61s
11:43:49 - Verarbeitete Elemente für Run 11: 44 in 33.46s
11:44:31 - Verarbeitete Elemente für Run 11: 45 in 41.48s
11:45:07 - Verarbeitete Elemente für Run 11: 46 in 35.6s
11:45:50 - Verarbeitete Elemente für Run 11: 47 in 42.68s
11:46:29 - Verarbeitete Elemente für Run 11: 48 in 39.18s
11:47:11 - Verarbeitete Elemente für Run 11: 49 in 41.22s
11:47:54 - Verarbeitete Elemente für Run 11: 50 in 42.42s
11:48:59 - Verarbeitete Elemente für Run 11: 51 in 64.55s
11:49:44 - Verarbeitete Elemente für Run 11: 52 in 44.74s
11:51:03 - Verarbeitete Elemente für Run 11: 53 in 78.87s
11:51:37 - Verarbeitete Elemente für Run 11: 54 in 32.73s
11:52:14 - Verarbeitete Elemente für Run 11: 55 in 37.03s
11:53:02 - Verarbeitete Elemente für Run 11: 56 in 47.32s
11:53:52 - Verarbeitete Elemente für Run 11: 57 in 49.4s
11:54:36 - Verarbeitete Elemente für Run 11: 58 in 43.87s
11:55:07 - Verarbeitete Elemente für Run 11: 59 in 30.44s
11:56:13 - Verarbeitete Elemente für Run 11: 60 in 65.02s
11:56:56 - Verarbeitete Elemente für Run 11: 61 in 43.29s
11:57:45 - Verarbeitete Elemente für Run 11: 62 in 48.41s
11:59:00 - Verarbeitete Elemente für Run 11: 63 in 74.16s
11:59:48 - Verarbeitete Elemente für Run 11: 64 in 47.84s
12:00:33 - Verarbeitete Elemente für Run 11: 65 in 44.83s
12:01:18 - Verarbeitete Elemente für Run 11: 66 in 43.95s
12:02:05 - Verarbeitete Elemente für Run 11: 67 in 47.04s
12:02:48 - Verarbeitete Elemente für Run 11: 68 in 42.79s
12:03:36 - Verarbeitete Elemente für Run 11: 69 in 47.79s
12:04:22 - Verarbeitete Elemente für Run 11: 70 in 45.13s
12:05:01 - Verarbeitete Elemente für Run 11: 71 in 38.62s
12:06:19 - Verarbeitete Elemente für Run 11: 72 in 77.69s
12:07:03 - Verarbeitete Elemente für Run 11: 73 in 43.56s
12:07:42 - Verarbeitete Elemente für Run 11: 74 in 38.42s
12:08:30 - Verarbeitete Elemente für Run 11: 75 in 48.14s
12:09:19 - Verarbeitete Elemente für Run 11: 76 in 48.16s
12:10:13 - Verarbeitete Elemente für Run 11: 77 in 54.02s
12:10:54 - Verarbeitete Elemente für Run 11: 78 in 40.28s
12:11:41 - Verarbeitete Elemente für Run 11: 79 in 46.09s
12:12:50 - Verarbeitete Elemente für Run 11: 80 in 69.16s
12:13:30 - Verarbeitete Elemente für Run 11: 81 in 39.18s
12:14:07 - Verarbeitete Elemente für Run 11: 82 in 36.81s
12:14:59 - Verarbeitete Elemente für Run 11: 83 in 51.21s
12:15:49 - Verarbeitete Elemente für Run 11: 84 in 49.59s
12:16:38 - Verarbeitete Elemente für Run 11: 85 in 48.73s
12:17:26 - Verarbeitete Elemente für Run 11: 86 in 47.55s
12:18:13 - Verarbeitete Elemente für Run 11: 87 in 46.43s
12:18:52 - Verarbeitete Elemente für Run 11: 88 in 38.69s
12:19:35 - Verarbeitete Elemente für Run 11: 89 in 42.84s
12:20:06 - Verarbeitete Elemente für Run 11: 90 in 30.89s
12:20:34 - Verarbeitete Elemente für Run 11: 91 in 27.16s
12:21:48 - Verarbeitete Elemente für Run 11: 92 in 73.95s
12:22:35 - Verarbeitete Elemente für Run 11: 93 in 46.09s
12:23:22 - Verarbeitete Elemente für Run 11: 94 in 46.58s
12:24:10 - Verarbeitete Elemente für Run 11: 95 in 48.26s
12:24:51 - Verarbeitete Elemente für Run 11: 96 in 40.11s
12:25:32 - Verarbeitete Elemente für Run 11: 97 in 40.53s
12:26:23 - Verarbeitete Elemente für Run 11: 98 in 51.06s
12:27:04 - Verarbeitete Elemente für Run 11: 99 in 40.13s
12:27:56 - Verarbeitete Elemente für Run 11: 100 in 51.24s
12:28:45 - Verarbeitete Elemente für Run 11: 101 in 48.83s
12:29:37 - Verarbeitete Elemente für Run 11: 102 in 51.7s
12:30:09 - Verarbeitete Elemente für Run 11: 103 in 31.6s
12:30:53 - Verarbeitete Elemente für Run 11: 104 in 43.44s
12:32:03 - Verarbeitete Elemente für Run 11: 105 in 70.11s
12:32:48 - Verarbeitete Elemente für Run 11: 106 in 44.56s
12:33:38 - Verarbeitete Elemente für Run 11: 107 in 49.26s
12:34:25 - Verarbeitete Elemente für Run 11: 108 in 46.08s
12:35:18 - Verarbeitete Elemente für Run 11: 109 in 53.09s
12:36:03 - Verarbeitete Elemente für Run 11: 110 in 44.23s
12:36:36 - Verarbeitete Elemente für Run 11: 111 in 32.76s
12:37:09 - Verarbeitete Elemente für Run 11: 112 in 32.54s
12:37:51 - Verarbeitete Elemente für Run 11: 113 in 41.2s
12:38:33 - Verarbeitete Elemente für Run 11: 114 in 41.91s
12:39:24 - Verarbeitete Elemente für Run 11: 115 in 50.81s
12:40:07 - Verarbeitete Elemente für Run 11: 116 in 41.93s
12:40:39 - Verarbeitete Elemente für Run 11: 117 in 32.02s
12:41:38 - Verarbeitete Elemente für Run 11: 118 in 58.27s
12:42:18 - Verarbeitete Elemente für Run 11: 119 in 40.09s
12:42:56 - Verarbeitete Elemente für Run 11: 120 in 37.1s
12:43:32 - Verarbeitete Elemente für Run 11: 121 in 35.71s
12:44:14 - Verarbeitete Elemente für Run 11: 122 in 41.58s
12:45:24 - Verarbeitete Elemente für Run 11: 123 in 69.33s
12:45:59 - Verarbeitete Elemente für Run 11: 124 in 34.39s
12:46:34 - Verarbeitete Elemente für Run 11: 125 in 34.18s
12:47:08 - Verarbeitete Elemente für Run 11: 126 in 33.91s
12:48:01 - Verarbeitete Elemente für Run 11: 127 in 52.55s
12:48:37 - Verarbeitete Elemente für Run 11: 128 in 35.73s
12:49:56 - Verarbeitete Elemente für Run 11: 129 in 79.0s
12:50:41 - Verarbeitete Elemente für Run 11: 130 in 44.43s
12:51:24 - Verarbeitete Elemente für Run 11: 131 in 42.05s
12:52:14 - Verarbeitete Elemente für Run 11: 132 in 49.3s
12:52:53 - Verarbeitete Elemente für Run 11: 133 in 39.4s
12:53:40 - Verarbeitete Elemente für Run 11: 134 in 46.28s
12:54:36 - Verarbeitete Elemente für Run 11: 135 in 55.17s
12:55:20 - Verarbeitete Elemente für Run 11: 136 in 43.8s
12:56:07 - Verarbeitete Elemente für Run 11: 137 in 46.64s
12:56:49 - Verarbeitete Elemente für Run 11: 138 in 41.79s
12:57:38 - Verarbeitete Elemente für Run 11: 139 in 48.0s
12:58:43 - Verarbeitete Elemente für Run 11: 140 in 65.05s
12:59:30 - Verarbeitete Elemente für Run 11: 141 in 46.69s
13:00:09 - Verarbeitete Elemente für Run 11: 142 in 38.02s
13:00:53 - Verarbeitete Elemente für Run 11: 143 in 43.6s
13:01:42 - Verarbeitete Elemente für Run 11: 144 in 48.48s
13:02:22 - Verarbeitete Elemente für Run 11: 145 in 39.31s
13:03:13 - Verarbeitete Elemente für Run 11: 146 in 50.67s
13:03:47 - Verarbeitete Elemente für Run 11: 147 in 33.54s
13:05:04 - Verarbeitete Elemente für Run 11: 148 in 76.91s
13:05:39 - Verarbeitete Elemente für Run 11: 149 in 34.18s
13:06:14 - Verarbeitete Elemente für Run 11: 150 in 35.04s
13:06:58 - Verarbeitete Elemente für Run 11: 151 in 43.11s
13:07:31 - Verarbeitete Elemente für Run 11: 152 in 32.61s
13:08:22 - Verarbeitete Elemente für Run 11: 153 in 50.5s
13:09:07 - Verarbeitete Elemente für Run 11: 154 in 45.08s
13:09:51 - Verarbeitete Elemente für Run 11: 155 in 43.83s
13:10:39 - Verarbeitete Elemente für Run 11: 156 in 46.79s
13:11:15 - Verarbeitete Elemente für Run 11: 157 in 36.12s
13:12:00 - Verarbeitete Elemente für Run 11: 158 in 44.15s
13:12:33 - Verarbeitete Elemente für Run 11: 159 in 33.05s
13:13:21 - Verarbeitete Elemente für Run 11: 160 in 47.56s
13:13:57 - Verarbeitete Elemente für Run 11: 161 in 35.16s
13:14:44 - Verarbeitete Elemente für Run 11: 162 in 47.15s
13:15:28 - Verarbeitete Elemente für Run 11: 163 in 43.43s
13:16:18 - Verarbeitete Elemente für Run 11: 164 in 49.7s
13:17:06 - Verarbeitete Elemente für Run 11: 165 in 47.39s
13:17:43 - Verarbeitete Elemente für Run 11: 166 in 37.01s
13:18:24 - Verarbeitete Elemente für Run 11: 167 in 40.42s
13:19:12 - Verarbeitete Elemente für Run 11: 168 in 47.37s
13:19:59 - Verarbeitete Elemente für Run 11: 169 in 46.82s
13:20:46 - Verarbeitete Elemente für Run 11: 170 in 46.24s
13:21:47 - Verarbeitete Elemente für Run 11: 171 in 60.15s
13:22:30 - Verarbeitete Elemente für Run 11: 172 in 43.24s
13:23:20 - Verarbeitete Elemente für Run 11: 173 in 49.34s
13:23:57 - Verarbeitete Elemente für Run 11: 174 in 36.21s
13:24:44 - Verarbeitete Elemente für Run 11: 175 in 46.75s
13:25:24 - Verarbeitete Elemente für Run 11: 176 in 40.09s
13:26:10 - Verarbeitete Elemente für Run 11: 177 in 45.27s
13:26:54 - Verarbeitete Elemente für Run 11: 178 in 43.86s
13:27:31 - Verarbeitete Elemente für Run 11: 179 in 35.92s
13:27:59 - Verarbeitete Elemente für Run 11: 180 in 28.39s
13:28:38 - Verarbeitete Elemente für Run 11: 181 in 38.06s
13:29:18 - Verarbeitete Elemente für Run 11: 182 in 40.22s
13:29:59 - Verarbeitete Elemente für Run 11: 183 in 40.51s
13:30:47 - Verarbeitete Elemente für Run 11: 184 in 47.02s
13:31:23 - Verarbeitete Elemente für Run 11: 185 in 35.89s
13:32:11 - Verarbeitete Elemente für Run 11: 186 in 47.65s
13:33:03 - Verarbeitete Elemente für Run 11: 187 in 51.27s
13:34:04 - Verarbeitete Elemente für Run 11: 188 in 60.63s
13:34:47 - Verarbeitete Elemente für Run 11: 189 in 43.11s
13:35:24 - Verarbeitete Elemente für Run 11: 190 in 36.12s
13:36:04 - Verarbeitete Elemente für Run 11: 191 in 40.01s
13:37:04 - Verarbeitete Elemente für Run 11: 192 in 59.36s
13:37:38 - Verarbeitete Elemente für Run 11: 193 in 33.7s
13:38:13 - Verarbeitete Elemente für Run 11: 194 in 33.68s
13:38:55 - Verarbeitete Elemente für Run 11: 195 in 41.95s
13:39:44 - Verarbeitete Elemente für Run 11: 196 in 48.32s
13:40:24 - Verarbeitete Elemente für Run 11: 197 in 39.48s
13:41:17 - Verarbeitete Elemente für Run 11: 198 in 53.23s
13:41:59 - Verarbeitete Elemente für Run 11: 199 in 41.14s
13:42:37 - Verarbeitete Elemente für Run 11: 200 in 37.06s
13:43:26 - Verarbeitete Elemente für Run 11: 201 in 49.57s
13:44:16 - Verarbeitete Elemente für Run 11: 202 in 48.68s
13:45:06 - Verarbeitete Elemente für Run 11: 203 in 49.76s
13:45:51 - Verarbeitete Elemente für Run 11: 204 in 45.25s
13:46:20 - Verarbeitete Elemente für Run 11: 205 in 27.98s
13:47:04 - Verarbeitete Elemente für Run 11: 206 in 43.2s
13:47:50 - Verarbeitete Elemente für Run 11: 207 in 45.49s
13:48:24 - Verarbeitete Elemente für Run 11: 208 in 34.29s
13:48:58 - Verarbeitete Elemente für Run 11: 209 in 33.19s
13:49:46 - Verarbeitete Elemente für Run 11: 210 in 47.25s
13:50:33 - Verarbeitete Elemente für Run 11: 211 in 46.9s
13:51:20 - Verarbeitete Elemente für Run 11: 212 in 46.09s
13:51:59 - Verarbeitete Elemente für Run 11: 213 in 38.8s
13:53:09 - Verarbeitete Elemente für Run 11: 214 in 70.05s
13:53:54 - Verarbeitete Elemente für Run 11: 215 in 44.1s
13:54:38 - Verarbeitete Elemente für Run 11: 216 in 43.63s
13:55:41 - Verarbeitete Elemente für Run 11: 217 in 62.77s
13:56:16 - Verarbeitete Elemente für Run 11: 218 in 34.82s
13:56:49 - Verarbeitete Elemente für Run 11: 219 in 32.37s
13:57:39 - Verarbeitete Elemente für Run 11: 220 in 49.37s
13:58:19 - Verarbeitete Elemente für Run 11: 221 in 40.19s
13:59:10 - Verarbeitete Elemente für Run 11: 222 in 50.45s
13:59:56 - Verarbeitete Elemente für Run 11: 223 in 44.9s
14:00:39 - Verarbeitete Elemente für Run 11: 224 in 43.44s
14:01:23 - Verarbeitete Elemente für Run 11: 225 in 42.72s
14:02:00 - Verarbeitete Elemente für Run 11: 226 in 36.54s
14:03:02 - Verarbeitete Elemente für Run 11: 227 in 61.6s
14:03:37 - Verarbeitete Elemente für Run 11: 228 in 34.74s
14:04:28 - Verarbeitete Elemente für Run 11: 229 in 50.61s
14:05:09 - Verarbeitete Elemente für Run 11: 230 in 40.69s
14:05:58 - Verarbeitete Elemente für Run 11: 231 in 48.45s
14:06:37 - Verarbeitete Elemente für Run 11: 232 in 38.43s
14:07:27 - Verarbeitete Elemente für Run 11: 233 in 49.58s
14:08:20 - Verarbeitete Elemente für Run 11: 234 in 53.27s
14:09:10 - Verarbeitete Elemente für Run 11: 235 in 49.81s
14:09:48 - Verarbeitete Elemente für Run 11: 236 in 37.12s
14:10:49 - Verarbeitete Elemente für Run 11: 237 in 60.18s
14:11:33 - Verarbeitete Elemente für Run 11: 238 in 44.35s
14:12:13 - Verarbeitete Elemente für Run 11: 239 in 38.97s
14:12:58 - Verarbeitete Elemente für Run 11: 240 in 44.82s
14:13:45 - Verarbeitete Elemente für Run 11: 241 in 46.83s
14:14:35 - Verarbeitete Elemente für Run 11: 242 in 49.72s
14:15:10 - Verarbeitete Elemente für Run 11: 243 in 33.8s
14:15:59 - Verarbeitete Elemente für Run 11: 244 in 49.26s
14:16:43 - Verarbeitete Elemente für Run 11: 245 in 43.44s
14:17:30 - Verarbeitete Elemente für Run 11: 246 in 46.81s
14:18:13 - Verarbeitete Elemente für Run 11: 247 in 42.1s
14:19:01 - Verarbeitete Elemente für Run 11: 248 in 48.04s
14:19:52 - Verarbeitete Elemente für Run 11: 249 in 50.36s
14:20:41 - Verarbeitete Elemente für Run 11: 250 in 48.22s
14:21:36 - Verarbeitete Elemente für Run 11: 251 in 54.5s
14:22:11 - Verarbeitete Elemente für Run 11: 252 in 35.16s
14:23:01 - Verarbeitete Elemente für Run 11: 253 in 49.42s
14:23:45 - Verarbeitete Elemente für Run 11: 254 in 43.33s
14:24:29 - Verarbeitete Elemente für Run 11: 255 in 43.89s
14:25:10 - Verarbeitete Elemente für Run 11: 256 in 40.1s
14:25:50 - Verarbeitete Elemente für Run 11: 257 in 39.51s
14:26:28 - Verarbeitete Elemente für Run 11: 258 in 37.85s
14:27:05 - Verarbeitete Elemente für Run 11: 259 in 36.5s
14:27:39 - Verarbeitete Elemente für Run 11: 260 in 33.99s
14:28:11 - Verarbeitete Elemente für Run 11: 261 in 30.76s
14:28:52 - Verarbeitete Elemente für Run 11: 262 in 40.9s
14:29:24 - Verarbeitete Elemente für Run 11: 263 in 31.12s
14:30:09 - Verarbeitete Elemente für Run 11: 264 in 45.11s
14:30:47 - Verarbeitete Elemente für Run 11: 265 in 37.27s
14:31:37 - Verarbeitete Elemente für Run 11: 266 in 49.99s
14:32:19 - Verarbeitete Elemente für Run 11: 267 in 41.41s
14:32:54 - Verarbeitete Elemente für Run 11: 268 in 34.62s
14:33:31 - Verarbeitete Elemente für Run 11: 269 in 36.66s
14:34:25 - Verarbeitete Elemente für Run 11: 270 in 53.57s
14:35:02 - Verarbeitete Elemente für Run 11: 271 in 36.66s
14:35:37 - Verarbeitete Elemente für Run 11: 272 in 34.67s
14:36:13 - Verarbeitete Elemente für Run 11: 273 in 34.98s
14:37:14 - Verarbeitete Elemente für Run 11: 274 in 60.97s
14:38:07 - Verarbeitete Elemente für Run 11: 275 in 52.22s
14:38:43 - Verarbeitete Elemente für Run 11: 276 in 35.51s
14:39:22 - Verarbeitete Elemente für Run 11: 277 in 38.59s
14:40:10 - Verarbeitete Elemente für Run 11: 278 in 47.59s
14:41:09 - Verarbeitete Elemente für Run 11: 279 in 58.81s
14:41:53 - Verarbeitete Elemente für Run 11: 280 in 43.01s
14:42:44 - Verarbeitete Elemente für Run 11: 281 in 51.24s
14:43:10 - Verarbeitete Elemente für Run 11: 282 in 25.47s
14:44:01 - Verarbeitete Elemente für Run 11: 283 in 50.23s
14:44:33 - Verarbeitete Elemente für Run 11: 284 in 31.21s
14:45:16 - Verarbeitete Elemente für Run 11: 285 in 43.43s
14:45:58 - Verarbeitete Elemente für Run 11: 286 in 41.05s
14:46:38 - Verarbeitete Elemente für Run 11: 287 in 40.18s
14:47:28 - Verarbeitete Elemente für Run 11: 288 in 48.81s
14:48:06 - Verarbeitete Elemente für Run 11: 289 in 37.7s
14:48:59 - Verarbeitete Elemente für Run 11: 290 in 52.57s
14:49:51 - Verarbeitete Elemente für Run 11: 291 in 52.0s
14:50:46 - Verarbeitete Elemente für Run 11: 292 in 54.73s
14:51:50 - Verarbeitete Elemente für Run 11: 293 in 63.45s
14:52:28 - Verarbeitete Elemente für Run 11: 294 in 37.87s
14:53:16 - Verarbeitete Elemente für Run 11: 295 in 47.41s
14:53:53 - Verarbeitete Elemente für Run 11: 296 in 36.1s
14:54:41 - Verarbeitete Elemente für Run 11: 297 in 47.69s
14:55:28 - Verarbeitete Elemente für Run 11: 298 in 46.22s
14:56:00 - Verarbeitete Elemente für Run 11: 299 in 32.54s
14:56:54 - Verarbeitete Elemente für Run 11: 300 in 53.4s
14:57:44 - Verarbeitete Elemente für Run 11: 301 in 49.43s
14:58:23 - Verarbeitete Elemente für Run 11: 302 in 38.31s
14:59:12 - Verarbeitete Elemente für Run 11: 303 in 48.74s
15:00:00 - Verarbeitete Elemente für Run 11: 304 in 47.41s
15:00:50 - Verarbeitete Elemente für Run 11: 305 in 50.04s
15:01:31 - Verarbeitete Elemente für Run 11: 306 in 40.36s
15:02:22 - Verarbeitete Elemente für Run 11: 307 in 50.47s
15:03:04 - Verarbeitete Elemente für Run 11: 308 in 41.71s
15:03:52 - Verarbeitete Elemente für Run 11: 309 in 48.03s
15:04:25 - Verarbeitete Elemente für Run 11: 310 in 32.45s
15:05:19 - Verarbeitete Elemente für Run 11: 311 in 53.19s
15:06:00 - Verarbeitete Elemente für Run 11: 312 in 41.0s
15:06:36 - Verarbeitete Elemente für Run 11: 313 in 35.4s
15:07:46 - Verarbeitete Elemente für Run 11: 314 in 69.18s
15:08:31 - Verarbeitete Elemente für Run 11: 315 in 44.33s
15:09:16 - Verarbeitete Elemente für Run 11: 316 in 45.33s
15:10:02 - Verarbeitete Elemente für Run 11: 317 in 45.63s
15:10:52 - Verarbeitete Elemente für Run 11: 318 in 49.58s
15:11:33 - Verarbeitete Elemente für Run 11: 319 in 39.89s
15:12:11 - Verarbeitete Elemente für Run 11: 320 in 37.47s
15:12:51 - Verarbeitete Elemente für Run 11: 321 in 40.37s
15:13:51 - Verarbeitete Elemente für Run 11: 322 in 59.01s
15:14:35 - Verarbeitete Elemente für Run 11: 323 in 44.28s
15:15:28 - Verarbeitete Elemente für Run 11: 324 in 52.09s
15:16:17 - Verarbeitete Elemente für Run 11: 325 in 48.79s
15:17:07 - Verarbeitete Elemente für Run 11: 326 in 49.74s
15:17:49 - Verarbeitete Elemente für Run 11: 327 in 40.86s
15:18:37 - Verarbeitete Elemente für Run 11: 328 in 48.22s
15:19:17 - Verarbeitete Elemente für Run 11: 329 in 39.16s
15:20:11 - Verarbeitete Elemente für Run 11: 330 in 53.76s
15:21:00 - Verarbeitete Elemente für Run 11: 331 in 48.2s
15:21:49 - Verarbeitete Elemente für Run 11: 332 in 49.0s
15:22:23 - Verarbeitete Elemente für Run 11: 333 in 32.97s
15:23:03 - Verarbeitete Elemente für Run 11: 334 in 40.23s
15:23:40 - Verarbeitete Elemente für Run 11: 335 in 36.69s
Verarbeitung für Kontextgröße 8192 abgeschlossen.
Beginne Verarbeitung für Kontextgröße 16384 mit 151 Elementen.
15:25:28 - Verarbeitete Elemente für Run 11: 336 in 107.2s
15:27:04 - Verarbeitete Elemente für Run 11: 337 in 95.03s
15:28:03 - Verarbeitete Elemente für Run 11: 338 in 58.55s
15:28:58 - Verarbeitete Elemente für Run 11: 339 in 54.55s
15:30:13 - Verarbeitete Elemente für Run 11: 340 in 75.18s
15:31:20 - Verarbeitete Elemente für Run 11: 341 in 66.1s
15:32:55 - Verarbeitete Elemente für Run 11: 342 in 94.48s
15:33:41 - Verarbeitete Elemente für Run 11: 343 in 45.44s
15:34:40 - Verarbeitete Elemente für Run 11: 344 in 59.19s
15:36:16 - Verarbeitete Elemente für Run 11: 345 in 94.99s
15:37:02 - Verarbeitete Elemente für Run 11: 346 in 45.69s
15:38:44 - Verarbeitete Elemente für Run 11: 347 in 101.26s
15:40:04 - Verarbeitete Elemente für Run 11: 348 in 79.95s
15:40:57 - Verarbeitete Elemente für Run 11: 349 in 52.22s
15:42:26 - Verarbeitete Elemente für Run 11: 350 in 89.41s
15:43:19 - Verarbeitete Elemente für Run 11: 351 in 52.23s
15:44:11 - Verarbeitete Elemente für Run 11: 352 in 51.7s
15:45:34 - Verarbeitete Elemente für Run 11: 353 in 82.77s
15:46:33 - Verarbeitete Elemente für Run 11: 354 in 57.96s
15:47:39 - Verarbeitete Elemente für Run 11: 355 in 65.86s
15:48:38 - Verarbeitete Elemente für Run 11: 356 in 58.19s
15:49:40 - Verarbeitete Elemente für Run 11: 357 in 61.67s
15:50:43 - Verarbeitete Elemente für Run 11: 358 in 63.45s
15:51:27 - Verarbeitete Elemente für Run 11: 359 in 43.12s
15:52:23 - Verarbeitete Elemente für Run 11: 360 in 55.6s
15:53:37 - Verarbeitete Elemente für Run 11: 361 in 74.0s
15:54:46 - Verarbeitete Elemente für Run 11: 362 in 68.13s
15:55:35 - Verarbeitete Elemente für Run 11: 363 in 48.4s
15:56:37 - Verarbeitete Elemente für Run 11: 364 in 61.89s
15:57:33 - Verarbeitete Elemente für Run 11: 365 in 55.89s
15:58:39 - Verarbeitete Elemente für Run 11: 366 in 65.25s
15:59:34 - Verarbeitete Elemente für Run 11: 367 in 54.69s
16:00:55 - Verarbeitete Elemente für Run 11: 368 in 80.1s
16:01:50 - Verarbeitete Elemente für Run 11: 369 in 55.33s
16:03:23 - Verarbeitete Elemente für Run 11: 370 in 92.06s
16:04:23 - Verarbeitete Elemente für Run 11: 371 in 59.87s
16:05:26 - Verarbeitete Elemente für Run 11: 372 in 61.97s
16:06:25 - Verarbeitete Elemente für Run 11: 373 in 58.7s
16:07:51 - Verarbeitete Elemente für Run 11: 374 in 86.4s
16:09:20 - Verarbeitete Elemente für Run 11: 375 in 88.44s
16:10:23 - Verarbeitete Elemente für Run 11: 376 in 61.98s
16:11:12 - Verarbeitete Elemente für Run 11: 377 in 48.93s
16:11:57 - Verarbeitete Elemente für Run 11: 378 in 44.28s
16:13:05 - Verarbeitete Elemente für Run 11: 379 in 68.33s
16:14:33 - Verarbeitete Elemente für Run 11: 380 in 87.13s
16:15:30 - Verarbeitete Elemente für Run 11: 381 in 56.53s
16:16:25 - Verarbeitete Elemente für Run 11: 382 in 54.97s
16:18:10 - Verarbeitete Elemente für Run 11: 383 in 104.2s
16:19:33 - Verarbeitete Elemente für Run 11: 384 in 82.53s
16:20:19 - Verarbeitete Elemente für Run 11: 385 in 45.23s
16:21:31 - Verarbeitete Elemente für Run 11: 386 in 72.52s
16:22:25 - Verarbeitete Elemente für Run 11: 387 in 52.93s
16:23:29 - Verarbeitete Elemente für Run 11: 388 in 63.71s
16:24:33 - Verarbeitete Elemente für Run 11: 389 in 63.67s
16:25:29 - Verarbeitete Elemente für Run 11: 390 in 55.73s
16:26:26 - Verarbeitete Elemente für Run 11: 391 in 56.22s
16:28:15 - Verarbeitete Elemente für Run 11: 392 in 108.78s
16:29:26 - Verarbeitete Elemente für Run 11: 393 in 70.48s
16:30:27 - Verarbeitete Elemente für Run 11: 394 in 60.61s
16:31:44 - Verarbeitete Elemente für Run 11: 395 in 76.32s
16:32:40 - Verarbeitete Elemente für Run 11: 396 in 55.7s
16:33:34 - Verarbeitete Elemente für Run 11: 397 in 53.44s
16:35:03 - Verarbeitete Elemente für Run 11: 398 in 88.95s
16:35:56 - Verarbeitete Elemente für Run 11: 399 in 52.91s
16:37:13 - Verarbeitete Elemente für Run 11: 400 in 76.15s
16:38:07 - Verarbeitete Elemente für Run 11: 401 in 53.97s
16:39:07 - Verarbeitete Elemente für Run 11: 402 in 58.97s
16:39:53 - Verarbeitete Elemente für Run 11: 403 in 45.62s
